<?xml version="1.0" encoding="UTF-8"?>
<!-- Generated by org.testng.reporters.JUnitReportReporter -->
<testsuite hostname="Ori-Nissim" failures="0" tests="5" name="main" time="27.586" errors="0" timestamp="2024-06-05T16:55:22 IDT" skipped="0">
  <testcase classname="main" name="testInitializeChromedriver" time="1.133"/>
  <testcase classname="main" name="testNavigateToLinkedIn" time="4.410"/>
  <testcase classname="main" name="testSigninToLinkedIn" time="7.092"/>
  <testcase classname="main" name="testGetDataFromProfile" time="7.445"/>
  <testcase classname="main" name="testGetConnectionsData" time="7.506"/>
</testsuite> <!-- main -->
