<?xml version="1.0" encoding="UTF-8"?>
<!-- Generated by org.testng.reporters.JUnitReportReporter -->
<testsuite hostname="Ori-Nissim" failures="0" tests="5" name="main" time="29.427" errors="0" timestamp="2024-06-06T09:39:46 IDT" skipped="0">
  <testcase classname="main" name="testInitializeChromedriver" time="2.478"/>
  <testcase classname="main" name="testNavigateToLinkedIn" time="4.416"/>
  <testcase classname="main" name="testSigninToLinkedIn" time="5.471"/>
  <testcase classname="main" name="testGetDataFromProfile" time="9.495"/>
  <testcase classname="main" name="testGetConnectionsData" time="7.567"/>
</testsuite> <!-- main -->
